{
  "RSpec": {
    "coverage": {
      "/Users/wenyu/Code/product_catalog/app/helpers/application_helper.rb": [
        1,
        null
      ],
      "/Users/wenyu/Code/product_catalog/app/models/category.rb": [
        1,
        1,
        null,
        1,
        null,
        1,
        null
      ],
      "/Users/wenyu/Code/product_catalog/app/models/application_record.rb": [
        1,
        1,
        null
      ],
      "/Users/wenyu/Code/product_catalog/app/models/product.rb": [
        1,
        1,
        null,
        1,
        1,
        null
      ],
      "/Users/wenyu/Code/product_catalog/app/presenters/category_presenter.rb": [
        1,
        1,
        null,
        1,
        5,
        4,
        null,
        null,
        null,
        1,
        5,
        4,
        null,
        null,
        9,
        null,
        null,
        1,
        5,
        null,
        4,
        null,
        null,
        1,
        null,
        1,
        null,
        5,
        null,
        null
      ],
      "/Users/wenyu/Code/product_catalog/app/controllers/categories_controller.rb": [
        1,
        1,
        1,
        null,
        null,
        1,
        1,
        1,
        null,
        null,
        1,
        2,
        null,
        2,
        1,
        null,
        1,
        null,
        1,
        null,
        null,
        null,
        1,
        2,
        2,
        null,
        null,
        1,
        1,
        null,
        1,
        null,
        null,
        1,
        2,
        null,
        2,
        1,
        null,
        1,
        null,
        1,
        null,
        1,
        null,
        null,
        null,
        1,
        1,
        1,
        null,
        1,
        null,
        1,
        1,
        null,
        1,
        null,
        null,
        null,
        1,
        null,
        1,
        4,
        null,
        null,
        null,
        null,
        null
      ],
      "/Users/wenyu/Code/product_catalog/app/controllers/application_controller.rb": [
        1,
        1,
        null
      ],
      "/Users/wenyu/Code/product_catalog/app/services/children_reassignment_service.rb": [
        1,
        1,
        5,
        null,
        null,
        1,
        5,
        null,
        null,
        1,
        null,
        1,
        5,
        1,
        null,
        4,
        null,
        null,
        null,
        1,
        5,
        null,
        null,
        1,
        1,
        1,
        1,
        null,
        null,
        null,
        1,
        4,
        2,
        2,
        null,
        null,
        null
      ],
      "/Users/wenyu/Code/product_catalog/app/controllers/catalogs_controller.rb": [
        1,
        1,
        2,
        1,
        1,
        null,
        1,
        1,
        null,
        1,
        1,
        null,
        null,
        null,
        1,
        null,
        1,
        2,
        2,
        null,
        2,
        null,
        null
      ],
      "/Users/wenyu/Code/product_catalog/app/controllers/products_controller.rb": [
        1,
        1,
        1,
        null,
        1,
        null,
        null,
        1,
        2,
        2,
        null,
        null,
        1,
        2,
        2,
        null,
        2,
        1,
        null,
        1,
        null,
        1,
        null,
        null,
        null,
        1,
        3,
        null,
        3,
        1,
        null,
        null,
        null,
        1,
        1,
        1,
        null,
        null,
        1,
        2,
        null,
        2,
        1,
        null,
        1,
        null,
        1,
        null,
        null,
        null,
        1,
        1,
        null,
        1,
        1,
        null,
        null,
        null,
        1,
        null,
        1,
        4,
        null,
        null,
        null,
        null,
        null,
        null,
        null
      ]
    },
    "timestamp": 1504233364
  }
}
